{"level":"info","message":"Posts obtidos com sucesso"}
{"level":"info","message":"Posts obtidos com sucesso"}
{"level":"info","message":"Posts obtidos com sucesso"}
{"level":"info","message":"Posts obtidos com sucesso"}
{"level":"error","message":"Problema ao obter os posts"}
{"level":"error","message":"Problema ao obter os posts"}
{"level":"info","message":"Posts obtidos com sucesso"}
{"level":"info","message":"Posts obtidos com sucesso"}
{"level":"info","message":"Posts obtidos com sucesso"}
{"level":"info","message":"Posts obtidos com sucesso"}
{"level":"info","message":"Posts obtidos com sucesso"}
{"level":"info","message":"Posts obtidos com sucesso"}
{"level":"info","message":"Posts obtidos com sucesso"}
{"level":"info","message":"Posts obtidos com sucesso"}
{"level":"info","message":"Posts obtidos com sucesso"}
{"level":"info","message":"Posts obtidos com sucesso"}
{"level":"info","message":"Posts obtidos com sucesso"}
{"level":"info","message":"Posts obtidos com sucesso"}
{"level":"info","message":"Posts obtidos com sucesso"}
{"level":"info","message":"Posts obtidos com sucesso"}
{"level":"info","message":"Posts obtidos com sucesso"}
{"level":"info","message":"Posts obtidos com sucesso"}
{"level":"info","message":"Posts obtidos com sucesso"}
{"level":"info","message":"Posts obtidos com sucesso"}
{"level":"info","message":"Posts obtidos com sucesso"}
{"level":"info","message":"Posts obtidos com sucesso"}
{"level":"info","message":"Posts obtidos com sucesso"}
{"level":"info","message":"Posts obtidos com sucesso"}
{"level":"info","message":"Posts obtidos com sucesso"}
{"level":"info","message":"Posts obtidos com sucesso"}
{"level":"info","message":"Posts obtidos com sucesso"}
{"level":"info","message":"Posts obtidos com sucesso"}
{"level":"info","message":"Posts obtidos com sucesso"}
{"level":"info","message":"Posts obtidos com sucesso"}
{"level":"info","message":"Posts obtidos com sucesso"}
{"level":"info","message":"Posts obtidos com sucesso"}
{"level":"info","message":"Posts obtidos com sucesso"}
{"level":"info","message":"Posts obtidos com sucesso"}
{"level":"info","message":"Posts obtidos com sucesso"}
{"level":"info","message":"Posts obtidos com sucesso"}
{"level":"info","message":"Posts obtidos com sucesso"}
{"level":"info","message":"Posts obtidos com sucesso"}
{"level":"info","message":"Posts obtidos com sucesso"}
{"level":"info","message":"Posts obtidos com sucesso"}
{"level":"info","message":"Posts obtidos com sucesso"}
{"level":"info","message":"Posts obtidos com sucesso"}
{"level":"info","message":"Posts obtidos com sucesso"}
{"level":"info","message":"Posts obtidos com sucesso"}
{"level":"info","message":"Posts obtidos com sucesso"}
{"level":"info","message":"Posts obtidos com sucesso"}
{"level":"info","message":"Posts obtidos com sucesso"}
{"level":"info","message":"Posts obtidos com sucesso"}
{"level":"info","message":"Posts obtidos com sucesso"}
{"level":"info","message":"Posts obtidos com sucesso"}
{"level":"info","message":"Posts obtidos com sucesso"}
{"level":"info","message":"Posts obtidos com sucesso"}
{"level":"info","message":"Posts obtidos com sucesso"}
{"level":"info","message":"Posts obtidos com sucesso"}
{"level":"info","message":"Posts obtidos com sucesso"}
{"level":"info","message":"Posts obtidos com sucesso"}
{"level":"info","message":"Posts obtidos com sucesso"}
{"level":"info","message":"Posts obtidos com sucesso"}
{"level":"info","message":"Posts obtidos com sucesso"}
{"level":"info","message":"Posts obtidos com sucesso"}
{"level":"info","message":"Posts obtidos com sucesso"}
{"level":"info","message":"Posts obtidos com sucesso"}
{"level":"info","message":"Posts obtidos com sucesso"}
{"level":"info","message":"Posts obtidos com sucesso"}
{"level":"info","message":"Posts obtidos com sucesso"}
{"level":"info","message":"Posts obtidos com sucesso"}
{"level":"info","message":"Posts obtidos com sucesso"}
{"level":"info","message":"Posts obtidos com sucesso"}
{"level":"info","message":"Posts obtidos com sucesso"}
{"level":"info","message":"Posts obtidos com sucesso"}
{"level":"info","message":"Posts obtidos com sucesso"}
{"level":"info","message":"Posts obtidos com sucesso"}
{"level":"info","message":"Posts obtidos com sucesso"}
{"level":"info","message":"Posts obtidos com sucesso"}
{"level":"info","message":"Posts obtidos com sucesso"}
{"level":"info","message":"Posts obtidos com sucesso"}
{"level":"info","message":"Posts obtidos com sucesso"}
{"level":"info","message":"Posts obtidos com sucesso"}
{"level":"info","message":"Posts obtidos com sucesso"}
{"level":"info","message":"Posts obtidos com sucesso"}
{"level":"info","message":"Posts obtidos com sucesso"}
{"level":"info","message":"Posts obtidos com sucesso"}
{"level":"info","message":"Posts obtidos com sucesso"}
{"level":"info","message":"Posts obtidos com sucesso"}
{"level":"info","message":"Posts obtidos com sucesso"}
{"level":"info","message":"Posts obtidos com sucesso"}
{"level":"info","message":"Posts obtidos com sucesso"}
{"level":"info","message":"Posts obtidos com sucesso"}
{"level":"info","message":"Posts obtidos com sucesso"}
{"level":"info","message":"Posts obtidos com sucesso"}
{"level":"info","message":"Posts obtidos com sucesso"}
{"level":"info","message":"Posts obtidos com sucesso"}
{"level":"info","message":"Posts obtidos com sucesso"}
{"level":"info","message":"Posts obtidos com sucesso"}
{"level":"info","message":"Posts obtidos com sucesso"}
{"level":"info","message":"Post com slug \"undefined\" obtido com sucesso"}
{"level":"error","message":"Nenhum post encontrado com slug \"undefined\""}
{"level":"info","message":"Post com slug \"undefined\" obtido com sucesso"}
{"level":"error","message":"Nenhum post encontrado com slug \"undefined\""}
{"level":"info","message":"Post com slug \"undefined\" obtido com sucesso"}
{"level":"error","message":"Nenhum post encontrado com slug \"undefined\""}
{"level":"info","message":"Post com slug \"undefined\" obtido com sucesso"}
{"level":"error","message":"Nenhum post encontrado com slug \"undefined\""}
{"level":"info","message":"Post com slug \"vuejs-para-iniciantes\" obtido com sucesso"}
{"level":"error","message":"Nenhum post encontrado com slug \"vuejs-para-iniciantes\""}
{"level":"info","message":"Post com slug \"vuejs-para-iniciantes\" obtido com sucesso"}
{"level":"error","message":"Nenhum post encontrado com slug \"vuejs-para-iniciantes\""}
{"level":"info","message":"Post com slug \"vuejs-para-iniciantes\" obtido com sucesso"}
{"level":"error","message":"Nenhum post encontrado com slug \"vuejs-para-iniciantes\""}
{"level":"info","message":"Post com slug \"vuejs-para-iniciantes\" obtido com sucesso"}
{"level":"info","message":"Post com slug \"vuejs-para-iniciantes\" obtido com sucesso"}
{"level":"info","message":"Posts obtidos com sucesso"}
{"level":"info","message":"Posts obtidos com sucesso"}
{"level":"info","message":"Post com slug \"css-grid-na-pratica\" obtido com sucesso"}
{"level":"info","message":"Post com slug \"css-grid-na-pratica\" obtido com sucesso"}
{"level":"info","message":"Post com slug \"css-grid-na-pratica\" obtido com sucesso"}
{"level":"info","message":"Post com slug \"css-grid-na-pratica\" obtido com sucesso"}
{"level":"info","message":"Post com slug \"css-grid-na-pratica\" obtido com sucesso"}
{"level":"info","message":"Post com slug \"css-grid-na-pratica\" obtido com sucesso"}
{"level":"info","message":"Post com slug \"css-grid-na-pratica\" obtido com sucesso"}
{"level":"info","message":"Post com slug \"css-grid-na-pratica\" obtido com sucesso"}
{"level":"info","message":"Post com slug \"css-grid-na-pratica\" obtido com sucesso"}
{"level":"info","message":"Post com slug \"css-grid-na-pratica\" obtido com sucesso"}
{"level":"info","message":"Post com slug \"css-grid-na-pratica\" obtido com sucesso"}
{"level":"info","message":"Post com slug \"css-grid-na-pratica\" obtido com sucesso"}
{"level":"info","message":"Post com slug \"css-grid-na-pratica\" obtido com sucesso"}
{"level":"info","message":"Post com slug \"css-grid-na-pratica\" obtido com sucesso"}
{"level":"info","message":"Post com slug \"css-grid-na-pratica\" obtido com sucesso"}
{"level":"info","message":"Post com slug \"css-grid-na-pratica\" obtido com sucesso"}
{"level":"info","message":"Post com slug \"css-grid-na-pratica\" obtido com sucesso"}
{"level":"info","message":"Post com slug \"css-grid-na-pratica\" obtido com sucesso"}
{"level":"info","message":"Post com slug \"css-grid-na-pratica\" obtido com sucesso"}
{"level":"info","message":"Post com slug \"css-grid-na-pratica\" obtido com sucesso"}
{"level":"info","message":"Post com slug \"css-grid-na-pratica\" obtido com sucesso"}
{"level":"info","message":"Post com slug \"css-grid-na-pratica\" obtido com sucesso"}
{"level":"info","message":"Post com slug \"css-grid-na-pratica\" obtido com sucesso"}
{"level":"info","message":"Post com slug \"css-grid-na-pratica\" obtido com sucesso"}
{"level":"info","message":"Post com slug \"css-grid-na-pratica\" obtido com sucesso"}
{"level":"info","message":"Post com slug \"css-grid-na-pratica\" obtido com sucesso"}
{"level":"info","message":"Post com slug \"css-grid-na-pratica\" obtido com sucesso"}
{"level":"info","message":"Post com slug \"css-grid-na-pratica\" obtido com sucesso"}
{"level":"info","message":"Post com slug \"css-grid-na-pratica\" obtido com sucesso"}
{"level":"info","message":"Posts obtidos com sucesso"}
{"level":"info","message":"Posts obtidos com sucesso"}
{"level":"info","message":"Posts obtidos com sucesso"}
{"level":"info","message":"Posts obtidos com sucesso"}
{"level":"info","message":"Posts obtidos com sucesso"}
{"level":"info","message":"Post com slug \"introducao-ao-react\" obtido com sucesso"}
{"level":"info","message":"Post com slug \"introducao-ao-react\" obtido com sucesso"}
{"level":"info","message":"Post com slug \"introducao-ao-react\" obtido com sucesso"}
{"level":"info","message":"Posts obtidos com sucesso"}
{"level":"info","message":"Post com slug \"introducao-ao-react\" obtido com sucesso"}
{"level":"info","message":"Posts obtidos com sucesso"}
{"level":"info","message":"Post com slug \"introducao-ao-react\" obtido com sucesso"}
{"level":"info","message":"Post com slug \"introducao-ao-react\" obtido com sucesso"}
{"level":"info","message":"Post com slug \"introducao-ao-react\" obtido com sucesso"}
{"level":"info","message":"Post com slug \"introducao-ao-react\" obtido com sucesso"}
{"level":"info","message":"Post com slug \"introducao-ao-react\" obtido com sucesso"}
{"level":"info","message":"Post com slug \"introducao-ao-react\" obtido com sucesso"}
{"level":"info","message":"Post com slug \"introducao-ao-react\" obtido com sucesso"}
{"level":"info","message":"Post com slug \"introducao-ao-react\" obtido com sucesso"}
{"level":"error","message":"Erro ao obter os posts: \nInvalid `prisma.post.findMany()` invocation:\n\n{\n  take: 6,\n  orderBy: {\n    createdAt: \"desc\",\n    ~~~~~~~~~\n?   id?: SortOrder,\n?   cover?: SortOrder,\n?   title?: SortOrder,\n?   slug?: SortOrder,\n?   body?: SortOrder,\n?   markdown?: SortOrder,\n?   authorId?: SortOrder,\n?   author?: UserOrderByWithRelationInput\n  },\n  include: {\n    author: true\n  }\n}\n\nUnknown argument `createdAt`. Available options are marked with ?."}
{"level":"error","message":"Erro ao obter os posts: \nInvalid `prisma.post.findMany()` invocation:\n\n{\n  take: 6,\n  skip: 0,\n  orderBy: {\n    createdAt: \"desc\",\n    ~~~~~~~~~\n?   id?: SortOrder,\n?   cover?: SortOrder,\n?   title?: SortOrder,\n?   slug?: SortOrder,\n?   body?: SortOrder,\n?   markdown?: SortOrder,\n?   authorId?: SortOrder,\n?   author?: UserOrderByWithRelationInput\n  },\n  include: {\n    author: true\n  }\n}\n\nUnknown argument `createdAt`. Available options are marked with ?."}
{"level":"error","message":"Erro ao obter os posts: \nInvalid `prisma.post.findMany()` invocation:\n\n{\n  take: 6,\n  skip: 0,\n  orderBy: {\n    createdAt: \"desc\",\n    ~~~~~~~~~\n?   id?: SortOrder,\n?   cover?: SortOrder,\n?   title?: SortOrder,\n?   slug?: SortOrder,\n?   body?: SortOrder,\n?   markdown?: SortOrder,\n?   authorId?: SortOrder,\n?   author?: UserOrderByWithRelationInput\n  },\n  include: {\n    author: true\n  }\n}\n\nUnknown argument `createdAt`. Available options are marked with ?."}
{"level":"error","message":"Erro ao obter os posts: \nInvalid `prisma.post.findMany()` invocation:\n\n{\n  take: 6,\n  skip: 0,\n  orderBy: {\n    createdAt: \"desc\",\n    ~~~~~~~~~\n?   id?: SortOrder,\n?   cover?: SortOrder,\n?   title?: SortOrder,\n?   slug?: SortOrder,\n?   body?: SortOrder,\n?   markdown?: SortOrder,\n?   authorId?: SortOrder,\n?   author?: UserOrderByWithRelationInput\n  },\n  include: {\n    author: true\n  }\n}\n\nUnknown argument `createdAt`. Available options are marked with ?."}
{"level":"error","message":"Erro ao obter os posts: \nInvalid `prisma.post.findMany()` invocation:\n\n{\n  take: 6,\n  skip: 0,\n  orderBy: {\n    createdAt: \"desc\",\n    ~~~~~~~~~\n?   id?: SortOrder,\n?   cover?: SortOrder,\n?   title?: SortOrder,\n?   slug?: SortOrder,\n?   body?: SortOrder,\n?   markdown?: SortOrder,\n?   authorId?: SortOrder,\n?   author?: UserOrderByWithRelationInput\n  },\n  include: {\n    author: true\n  }\n}\n\nUnknown argument `createdAt`. Available options are marked with ?."}
{"level":"error","message":"Erro de rede: fetch failed"}
{"level":"error","message":"Problema ao obter o post"}
{"error":{},"level":"error","message":"Falha ao obter o post com o slug: ","slug":"introducao-ao-typescripts"}
{"level":"error","message":"Erro ao obter os posts: \nInvalid `prisma.post.count()` invocation:\n\n\nAuthentication failed against database server, the provided database credentials for `postgres` are not valid.\n\nPlease make sure to provide valid database credentials for the database server at the configured address."}
{"level":"error","message":"Erro ao obter os posts: \nInvalid `prisma.post.count()` invocation:\n\n\nAuthentication failed against database server, the provided database credentials for `postgres` are not valid.\n\nPlease make sure to provide valid database credentials for the database server at the configured address."}
{"level":"error","message":"Erro ao obter os posts: \nInvalid `prisma.post.count()` invocation:\n\n\nAuthentication failed against database server, the provided database credentials for `postgres` are not valid.\n\nPlease make sure to provide valid database credentials for the database server at the configured address."}
{"level":"error","message":"Erro ao obter os posts: \nInvalid `prisma.post.count()` invocation:\n\n\nAuthentication failed against database server, the provided database credentials for `postgres` are not valid.\n\nPlease make sure to provide valid database credentials for the database server at the configured address."}
{"level":"error","message":"Erro ao obter os posts: \nInvalid `prisma.post.count()` invocation:\n\n\nAuthentication failed against database server, the provided database credentials for `postgres` are not valid.\n\nPlease make sure to provide valid database credentials for the database server at the configured address."}
{"level":"error","message":"Erro ao obter os posts: \nInvalid `prisma.post.count()` invocation:\n\n\nAuthentication failed against database server, the provided database credentials for `postgres` are not valid.\n\nPlease make sure to provide valid database credentials for the database server at the configured address."}
{"level":"error","message":"Erro ao obter os posts: \nInvalid `prisma.post.count()` invocation:\n\n\nAuthentication failed against database server, the provided database credentials for `postgres` are not valid.\n\nPlease make sure to provide valid database credentials for the database server at the configured address."}
{"level":"error","message":"Erro ao obter os posts: \nInvalid `prisma.post.count()` invocation:\n\n\nAuthentication failed against database server, the provided database credentials for `postgres` are not valid.\n\nPlease make sure to provide valid database credentials for the database server at the configured address."}
{"level":"error","message":"Erro ao obter os posts: \nInvalid `prisma.post.count()` invocation:\n\n\nAuthentication failed against database server, the provided database credentials for `postgres` are not valid.\n\nPlease make sure to provide valid database credentials for the database server at the configured address."}
{"level":"error","message":"Erro ao obter os posts: \nInvalid `prisma.post.count()` invocation:\n\n\nAuthentication failed against database server, the provided database credentials for `postgres` are not valid.\n\nPlease make sure to provide valid database credentials for the database server at the configured address."}
{"level":"error","message":"Erro ao obter os posts: \nInvalid `prisma.post.count()` invocation:\n\n\nAuthentication failed against database server, the provided database credentials for `postgres` are not valid.\n\nPlease make sure to provide valid database credentials for the database server at the configured address."}
{"level":"error","message":"Erro ao obter os posts: \nInvalid `prisma.post.count()` invocation:\n\n\nAuthentication failed against database server, the provided database credentials for `postgres` are not valid.\n\nPlease make sure to provide valid database credentials for the database server at the configured address."}
{"level":"error","message":"Erro ao obter os posts: \nInvalid `prisma.post.count()` invocation:\n\n\nAuthentication failed against database server, the provided database credentials for `postgres` are not valid.\n\nPlease make sure to provide valid database credentials for the database server at the configured address."}
{"level":"error","message":"Erro ao obter os posts: \nInvalid `prisma.post.count()` invocation:\n\n\nAuthentication failed against database server, the provided database credentials for `postgres` are not valid.\n\nPlease make sure to provide valid database credentials for the database server at the configured address."}
{"level":"error","message":"Erro ao obter os posts: \nInvalid `prisma.post.count()` invocation:\n\n\nAuthentication failed against database server, the provided database credentials for `postgres` are not valid.\n\nPlease make sure to provide valid database credentials for the database server at the configured address."}
{"level":"error","message":"Erro ao obter os posts: \nInvalid `prisma.post.count()` invocation:\n\n\nAuthentication failed against database server, the provided database credentials for `postgres` are not valid.\n\nPlease make sure to provide valid database credentials for the database server at the configured address."}
